[dotenv@17.3.1] injecting env (10) from .env.local -- tip: ΓÜÖ∩╕Å  override existing env vars with { override: true }
node : ΓÜá Warning: 
Next.js inferred your 
workspace root, but it 
may not be correct.
At line:1 char:1
+ node server.js > 
error.log 2>&1
+ ~~~~~~~~~~~~~~~~~~~~~~
~~~~~~~~~
    + CategoryInfo      
        : NotSpecified: 
(Γ    Üá Warning: 
Ne...not     be 
correct.:String) [    
], RemoteException
    + 
FullyQualifiedError    
Id : NativeCommandErr   
 or
 
 We detected multiple 
lockfiles and selected 
the directory of C:\User
s\ADMIN\package-lock.jso
n as the root directory.
 To silence this 
warning, set 
`turbopack.root` in 
your Next.js config, or 
consider removing one 
of the lockfiles if 
it's not needed.
   See https://nextjs.or
g/docs/app/api-reference
/config/next-config-js/t
urbopack#root-directory 
for more information.
 Detected additional 
lockfiles: 
   * C:\Users\ADMIN\Docu
ments\PlatformIO\Project
s\IoT\web-dashboard\pack
age-lock.json
   * C:\Users\ADMIN\Docu
ments\PlatformIO\Project
s\IoT\package-lock.json

Γ¿» Another next dev 
server is already 
running.

- Local:        
http://localhost:3000
- PID:          112404
- Dir:          C:\Users
\ADMIN\Documents\Platfor
mIO\Projects\IoT\web-das
hboard
- Log:          .next\de
v\logs\next-development.
log

Run taskkill /PID 
112404 /F to stop it.
